Using pre-set license
Built from '2020.3/staging' branch; Version is '2020.3.32f1 (12f8b0834f07) revision 1243312'; Using compiler version '192528614'; Build Type 'Release'
OS: 'Windows 10  (10.0.19045) 64bit Core' Language: 'ru' Physical Memory: 32619 MB
BatchMode: 1, IsHumanControllingUs: 0, StartBugReporterOnCrash: 0, Is64bit: 1, IsPro: 0

COMMAND LINE ARGUMENTS:
C:\Program Files\Unity\Hub\Editor\2020.3.32f1\Editor\Unity.exe
-adb2
-batchMode
-noUpm
-name
AssetImportWorker0
-projectPath
C:/Users/ivano_000/Documents/GitHub/Down-through-the-floors/My project
-logFile
Logs/AssetImportWorker0.log
-srvPort
57782
Successfully changed project path to: C:/Users/ivano_000/Documents/GitHub/Down-through-the-floors/My project
C:/Users/ivano_000/Documents/GitHub/Down-through-the-floors/My project
Using Asset Import Pipeline V2.
Refreshing native plugins compatible for Editor in 57.93 ms, found 2 plugins.
Preloading 0 native plugins for Editor in 0.00 ms.
Initialize engine version: 2020.3.32f1 (12f8b0834f07)
[Subsystems] Discovering subsystems at path C:/Program Files/Unity/Hub/Editor/2020.3.32f1/Editor/Data/Resources/UnitySubsystems
[Subsystems] Discovering subsystems at path C:/Users/ivano_000/Documents/GitHub/Down-through-the-floors/My project/Assets
GfxDevice: creating device client; threaded=0
Direct3D:
    Version:  Direct3D 11.0 [level 11.1]
    Renderer: NVIDIA GeForce GTX 980 (ID=0x13c0)
    Vendor:   
    VRAM:     4053 MB
    Driver:   31.0.15.1694
Initialize mono
Mono path[0] = 'C:/Program Files/Unity/Hub/Editor/2020.3.32f1/Editor/Data/Managed'
Mono path[1] = 'C:/Program Files/Unity/Hub/Editor/2020.3.32f1/Editor/Data/MonoBleedingEdge/lib/mono/unityjit'
Mono config path = 'C:/Program Files/Unity/Hub/Editor/2020.3.32f1/Editor/Data/MonoBleedingEdge/etc'
Using monoOptions --debugger-agent=transport=dt_socket,embedding=1,server=y,suspend=n,address=127.0.0.1:56148
Begin MonoManager ReloadAssembly
Registering precompiled unity dll's ...
Register platform support module: C:/Program Files/Unity/Hub/Editor/2020.3.32f1/Editor/Data/PlaybackEngines/WindowsStandaloneSupport/UnityEditor.WindowsStandalone.Extensions.dll
Registered in 0.002455 seconds.
Native extension for WindowsStandalone target not found
Refreshing native plugins compatible for Editor in 54.00 ms, found 2 plugins.
Preloading 0 native plugins for Editor in 0.00 ms.
Mono: successfully reloaded assembly
- Completed reload, in  0.681 seconds
Domain Reload Profiling:
	ReloadAssembly (681ms)
		BeginReloadAssembly (77ms)
			ExecutionOrderSort (0ms)
			DisableScriptedObjects (0ms)
			BackupInstance (0ms)
			ReleaseScriptingObjects (0ms)
			CreateAndSetChildDomain (1ms)
		EndReloadAssembly (523ms)
			LoadAssemblies (74ms)
			RebuildTransferFunctionScriptingTraits (0ms)
			SetupTypeCache (177ms)
			ReleaseScriptCaches (0ms)
			RebuildScriptCaches (29ms)
			SetupLoadedEditorAssemblies (200ms)
				LogAssemblyErrors (0ms)
				InitializePlatformSupportModulesInManaged (3ms)
				SetLoadedEditorAssemblies (0ms)
				RefreshPlugins (54ms)
				BeforeProcessingInitializeOnLoad (15ms)
				ProcessInitializeOnLoadAttributes (95ms)
				ProcessInitializeOnLoadMethodAttributes (32ms)
				AfterProcessingInitializeOnLoad (0ms)
				EditorAssembliesLoaded (0ms)
			ExecutionOrderSort2 (0ms)
			AwakeInstancesAfterBackupRestoration (0ms)
Platform modules already initialized, skipping
Registering precompiled user dll's ...
Registered in 0.004021 seconds.
Begin MonoManager ReloadAssembly
Symbol file data-00000182A0A93E30 doesn't match image C:\Users\ivano_000\Documents\GitHub\Down-through-the-floors\My project\Library\ScriptAssemblies\fps.UI.dll
Symbol file LoadedFromMemory is not a mono symbol file
Symbol file data-00000182A0CBA8B0 doesn't match image C:\Users\ivano_000\Documents\GitHub\Down-through-the-floors\My project\Library\ScriptAssemblies\fps.Editor.dll
Symbol file LoadedFromMemory is not a mono symbol file
Symbol file data-00000182A106B6A0 doesn't match image C:\Users\ivano_000\Documents\GitHub\Down-through-the-floors\My project\Library\ScriptAssemblies\fps.Gameplay.dll
Symbol file LoadedFromMemory is not a mono symbol file
Native extension for WindowsStandalone target not found
Refreshing native plugins compatible for Editor in 0.56 ms, found 2 plugins.
Preloading 0 native plugins for Editor in 0.00 ms.
Mono: successfully reloaded assembly
- Completed reload, in  1.054 seconds
Domain Reload Profiling:
	ReloadAssembly (1055ms)
		BeginReloadAssembly (154ms)
			ExecutionOrderSort (0ms)
			DisableScriptedObjects (5ms)
			BackupInstance (0ms)
			ReleaseScriptingObjects (0ms)
			CreateAndSetChildDomain (19ms)
		EndReloadAssembly (839ms)
			LoadAssemblies (110ms)
			RebuildTransferFunctionScriptingTraits (0ms)
			SetupTypeCache (270ms)
			ReleaseScriptCaches (0ms)
			RebuildScriptCaches (44ms)
			SetupLoadedEditorAssemblies (327ms)
				LogAssemblyErrors (0ms)
				InitializePlatformSupportModulesInManaged (4ms)
				SetLoadedEditorAssemblies (0ms)
				RefreshPlugins (1ms)
				BeforeProcessingInitializeOnLoad (95ms)
				ProcessInitializeOnLoadAttributes (210ms)
				ProcessInitializeOnLoadMethodAttributes (9ms)
				AfterProcessingInitializeOnLoad (8ms)
				EditorAssembliesLoaded (0ms)
			ExecutionOrderSort2 (0ms)
			AwakeInstancesAfterBackupRestoration (6ms)
Platform modules already initialized, skipping
========================================================================
Worker process is ready to serve import requests
Launched and connected shader compiler UnityShaderCompiler.exe after 0.04 seconds
Refreshing native plugins compatible for Editor in 0.55 ms, found 2 plugins.
Preloading 0 native plugins for Editor in 0.00 ms.
Unloading 2213 Unused Serialized files (Serialized files now loaded: 0)
System memory in use before: 169.2 MB.
System memory in use after: 167.7 MB.

Unloading 39 unused Assets to reduce memory usage. Loaded Objects now: 2633.
Total: 3.512500 ms (FindLiveObjects: 0.157100 ms CreateObjectMapping: 0.080400 ms MarkObjects: 2.296400 ms  DeleteObjects: 0.977600 ms)

AssetImportParameters requested are different than current active one (requested -> active):
  custom:framework-win-MediaFoundation: 216162199b28c13a410421893ffa2e32 -> 
  custom:video-decoder-ogg-theora: a1e56fd34408186e4bbccfd4996cb3dc -> 
  custom:container-muxer-webm: aa71ff27fc2769a1b78a27578f13a17b -> 
  custom:container-demuxer-webm: 4f35f7cbe854078d1ac9338744f61a02 -> 
  custom:container-demuxer-ogg: 62fdf1f143b41e24485cea50d1cbac27 -> 
  custom:video-encoder-webm-vp8: eb34c28f22e8b96e1ab97ce403110664 -> 
  custom:video-codec-MediaFoundation-h265: 746d11721c4dcdbdad8f713fa42b33f4 -> 
  custom:video-decoder-webm-vp8: 9c59270c3fd7afecdb556c50c9e8de78 -> 
  custom:audio-decoder-ogg-vorbis: bf7c407c2cedff20999df2af8eb42d56 -> 
  custom:audio-encoder-webm-vorbis: bf7c407c2cedff20999df2af8eb42d56 -> 
========================================================================
Received Import Request.
  path: Assets/Main Project/Danila/Prefabs/Projectiles/Projectile_Slime.prefab
  artifactKey: Guid(89b5b5c12ad5d1a4780ccee8c1ea6b8c) Importer(815301076,1909f56bfc062723c751e8b465ee728b)
Start importing Assets/Main Project/Danila/Prefabs/Projectiles/Projectile_Slime.prefab using Guid(89b5b5c12ad5d1a4780ccee8c1ea6b8c) Importer(815301076,1909f56bfc062723c751e8b465ee728b)  -> (artifact id: '1ad1acecc354df449c731fb8a4676b4c') in 0.111287 seconds 
========================================================================
Received Import Request.
  Time since last request: 11.703255 seconds.
  path: Assets/Main Project/Danila/Prefabs/Enemies/Junior manager.prefab
  artifactKey: Guid(94171d7ed81e19443b34a6637e527453) Importer(815301076,1909f56bfc062723c751e8b465ee728b)
Start importing Assets/Main Project/Danila/Prefabs/Enemies/Junior manager.prefab using Guid(94171d7ed81e19443b34a6637e527453) Importer(815301076,1909f56bfc062723c751e8b465ee728b)  -> (artifact id: '6dd280dae5c5b4b73d2755f5e6b33bb3') in 0.064554 seconds 
========================================================================
Received Import Request.
  Time since last request: 0.000289 seconds.
  path: Assets/Main Project/Danila/Prefabs/Enemies/Middle manager.prefab
  artifactKey: Guid(fcc56c051fbe27648a4fc8c291107122) Importer(815301076,1909f56bfc062723c751e8b465ee728b)
Start importing Assets/Main Project/Danila/Prefabs/Enemies/Middle manager.prefab using Guid(fcc56c051fbe27648a4fc8c291107122) Importer(815301076,1909f56bfc062723c751e8b465ee728b)  -> (artifact id: '1f60c3fbbd9cd25522a58f0dfdbb2608') in 0.036274 seconds 
========================================================================
Received Import Request.
  Time since last request: 26.041317 seconds.
  path: Assets/Main Project/Danila/Prefabs/Enemies/Secretary.prefab
  artifactKey: Guid(ff4720610e3c2f440b4a8ac46dbdc350) Importer(815301076,1909f56bfc062723c751e8b465ee728b)
Start importing Assets/Main Project/Danila/Prefabs/Enemies/Secretary.prefab using Guid(ff4720610e3c2f440b4a8ac46dbdc350) Importer(815301076,1909f56bfc062723c751e8b465ee728b)  -> (artifact id: '962375486fff0ae7a388908d756d2fcb') in 0.013855 seconds 
========================================================================
Received Import Request.
  Time since last request: 7.498977 seconds.
  path: Assets/Main Project/Models/Secretary
  artifactKey: Guid(e6a50303f7cdc5c4a850b97576ba3937) Importer(815301076,1909f56bfc062723c751e8b465ee728b)
Start importing Assets/Main Project/Models/Secretary using Guid(e6a50303f7cdc5c4a850b97576ba3937) Importer(815301076,1909f56bfc062723c751e8b465ee728b)  -> (artifact id: '33a65580909b26622dddc5cb6e0899aa') in 0.003314 seconds 
========================================================================
Received Import Request.
  Time since last request: 0.082989 seconds.
  path: Assets/Main Project/Models/Secretary/Standing Death Backward 01.fbx
  artifactKey: Guid(31074f9d98258c64ca8a60878754d4e8) Importer(815301076,1909f56bfc062723c751e8b465ee728b)
Start importing Assets/Main Project/Models/Secretary/Standing Death Backward 01.fbx using Guid(31074f9d98258c64ca8a60878754d4e8) Importer(815301076,1909f56bfc062723c751e8b465ee728b)  -> (artifact id: 'a924c862ede1b3ba84ea373a9ce6b6da') in 0.143633 seconds 
========================================================================
Received Import Request.
  Time since last request: 0.000225 seconds.
  path: Assets/Main Project/Models/Secretary/Zombie Transition.fbx
  artifactKey: Guid(d7916fe421e562143abd4f35a8ca6527) Importer(815301076,1909f56bfc062723c751e8b465ee728b)
Start importing Assets/Main Project/Models/Secretary/Zombie Transition.fbx using Guid(d7916fe421e562143abd4f35a8ca6527) Importer(815301076,1909f56bfc062723c751e8b465ee728b)  -> (artifact id: '307cd7041f54128b312edbe902c95526') in 0.096847 seconds 
========================================================================
Received Import Request.
  Time since last request: 0.000233 seconds.
  path: Assets/Main Project/Models/Secretary/Zombie Death.fbx
  artifactKey: Guid(992f3ae576cbf824b8b5dc2ebc93f729) Importer(815301076,1909f56bfc062723c751e8b465ee728b)
Start importing Assets/Main Project/Models/Secretary/Zombie Death.fbx using Guid(992f3ae576cbf824b8b5dc2ebc93f729) Importer(815301076,1909f56bfc062723c751e8b465ee728b)  -> (artifact id: 'e8a6e35c9f88ed91b413c70420660a20') in 0.095747 seconds 
========================================================================
Received Import Request.
  Time since last request: 0.000200 seconds.
  path: Assets/Main Project/Models/Secretary/Zombie Punching.fbx
  artifactKey: Guid(528285ddda818674d979220eab3b7259) Importer(815301076,1909f56bfc062723c751e8b465ee728b)
Start importing Assets/Main Project/Models/Secretary/Zombie Punching.fbx using Guid(528285ddda818674d979220eab3b7259) Importer(815301076,1909f56bfc062723c751e8b465ee728b)  -> (artifact id: '447d726204a60dd69cb9ab6f85007102') in 0.103554 seconds 
========================================================================
Received Import Request.
  Time since last request: 0.000203 seconds.
  path: Assets/Main Project/Models/Secretary/Zombie Scream.fbx
  artifactKey: Guid(6c7455e0e92eea849a033089505c0050) Importer(815301076,1909f56bfc062723c751e8b465ee728b)
Start importing Assets/Main Project/Models/Secretary/Zombie Scream.fbx using Guid(6c7455e0e92eea849a033089505c0050) Importer(815301076,1909f56bfc062723c751e8b465ee728b)  -> (artifact id: '8293805e01e68e91ac0b20d409caeb4d') in 0.102108 seconds 
========================================================================
Received Import Request.
  Time since last request: 0.000183 seconds.
  path: Assets/Main Project/Models/Secretary/Zombie Idle.fbx
  artifactKey: Guid(6679e520e1e769c48919d08259fed410) Importer(815301076,1909f56bfc062723c751e8b465ee728b)
Start importing Assets/Main Project/Models/Secretary/Zombie Idle.fbx using Guid(6679e520e1e769c48919d08259fed410) Importer(815301076,1909f56bfc062723c751e8b465ee728b)  -> (artifact id: '1d182aad7c41adc55cd4816255ebb88d') in 0.099308 seconds 
========================================================================
Received Import Request.
  Time since last request: 0.000173 seconds.
  path: Assets/Main Project/Models/Secretary/Zombie Running.fbx
  artifactKey: Guid(d046234b76042c441952fe54653b11b9) Importer(815301076,1909f56bfc062723c751e8b465ee728b)
Start importing Assets/Main Project/Models/Secretary/Zombie Running.fbx using Guid(d046234b76042c441952fe54653b11b9) Importer(815301076,1909f56bfc062723c751e8b465ee728b)  -> (artifact id: '69bf9cd85c0e2edaf7d89051f1824482') in 0.099683 seconds 
========================================================================
Received Import Request.
  Time since last request: 0.000216 seconds.
  path: Assets/Main Project/Models/Secretary/Standing React Death Backward.fbx
  artifactKey: Guid(ff0f8edbe81db7849abe77a54f7f3307) Importer(815301076,1909f56bfc062723c751e8b465ee728b)
Start importing Assets/Main Project/Models/Secretary/Standing React Death Backward.fbx using Guid(ff0f8edbe81db7849abe77a54f7f3307) Importer(815301076,1909f56bfc062723c751e8b465ee728b)  -> (artifact id: '7a63dda4d4eb175d6b9a47f085e9335c') in 0.097398 seconds 
========================================================================
Received Prepare
Registering precompiled user dll's ...
Registered in 0.003740 seconds.
Begin MonoManager ReloadAssembly
Symbol file data-00000182A1546A30 doesn't match image C:\Users\ivano_000\Documents\GitHub\Down-through-the-floors\My project\Library\ScriptAssemblies\fps.UI.dll
Symbol file LoadedFromMemory is not a mono symbol file
Symbol file data-00000182A465E020 doesn't match image C:\Users\ivano_000\Documents\GitHub\Down-through-the-floors\My project\Library\ScriptAssemblies\fps.Editor.dll
Symbol file LoadedFromMemory is not a mono symbol file
Symbol file data-00000182A2894850 doesn't match image C:\Users\ivano_000\Documents\GitHub\Down-through-the-floors\My project\Library\ScriptAssemblies\fps.Gameplay.dll
Symbol file LoadedFromMemory is not a mono symbol file
Native extension for WindowsStandalone target not found
Refreshing native plugins compatible for Editor in 0.61 ms, found 2 plugins.
Preloading 0 native plugins for Editor in 0.00 ms.
Mono: successfully reloaded assembly
- Completed reload, in  1.000 seconds
Domain Reload Profiling:
	ReloadAssembly (1001ms)
		BeginReloadAssembly (125ms)
			ExecutionOrderSort (0ms)
			DisableScriptedObjects (3ms)
			BackupInstance (0ms)
			ReleaseScriptingObjects (0ms)
			CreateAndSetChildDomain (37ms)
		EndReloadAssembly (817ms)
			LoadAssemblies (102ms)
			RebuildTransferFunctionScriptingTraits (0ms)
			SetupTypeCache (270ms)
			ReleaseScriptCaches (1ms)
			RebuildScriptCaches (41ms)
			SetupLoadedEditorAssemblies (316ms)
				LogAssemblyErrors (0ms)
				InitializePlatformSupportModulesInManaged (4ms)
				SetLoadedEditorAssemblies (0ms)
				RefreshPlugins (1ms)
				BeforeProcessingInitializeOnLoad (92ms)
				ProcessInitializeOnLoadAttributes (198ms)
				ProcessInitializeOnLoadMethodAttributes (10ms)
				AfterProcessingInitializeOnLoad (10ms)
				EditorAssembliesLoaded (0ms)
			ExecutionOrderSort2 (0ms)
			AwakeInstancesAfterBackupRestoration (7ms)
Platform modules already initialized, skipping
Refreshing native plugins compatible for Editor in 0.56 ms, found 2 plugins.
Preloading 0 native plugins for Editor in 0.00 ms.
Unloading 2194 Unused Serialized files (Serialized files now loaded: 0)
System memory in use before: 185.1 MB.
System memory in use after: 183.6 MB.

Unloading 34 unused Assets to reduce memory usage. Loaded Objects now: 2681.
Total: 4.369600 ms (FindLiveObjects: 0.157800 ms CreateObjectMapping: 0.087400 ms MarkObjects: 2.644600 ms  DeleteObjects: 1.478500 ms)

AssetImportParameters requested are different than current active one (requested -> active):
  custom:framework-win-MediaFoundation: 216162199b28c13a410421893ffa2e32 -> 
  custom:video-decoder-ogg-theora: a1e56fd34408186e4bbccfd4996cb3dc -> 
  custom:container-muxer-webm: aa71ff27fc2769a1b78a27578f13a17b -> 
  custom:container-demuxer-webm: 4f35f7cbe854078d1ac9338744f61a02 -> 
  custom:container-demuxer-ogg: 62fdf1f143b41e24485cea50d1cbac27 -> 
  custom:video-encoder-webm-vp8: eb34c28f22e8b96e1ab97ce403110664 -> 
  custom:video-codec-MediaFoundation-h265: 746d11721c4dcdbdad8f713fa42b33f4 -> 
  custom:video-decoder-webm-vp8: 9c59270c3fd7afecdb556c50c9e8de78 -> 
  custom:audio-decoder-ogg-vorbis: bf7c407c2cedff20999df2af8eb42d56 -> 
  custom:audio-encoder-webm-vorbis: bf7c407c2cedff20999df2af8eb42d56 -> 
========================================================================
Received Import Request.
  Time since last request: 115.296337 seconds.
  path: Assets/Main Project/Danila/Prefabs/Enemies/Secretary.prefab
  artifactKey: Guid(ff4720610e3c2f440b4a8ac46dbdc350) Importer(815301076,1909f56bfc062723c751e8b465ee728b)
Start importing Assets/Main Project/Danila/Prefabs/Enemies/Secretary.prefab using Guid(ff4720610e3c2f440b4a8ac46dbdc350) Importer(815301076,1909f56bfc062723c751e8b465ee728b)  -> (artifact id: 'c70e89d5612f144ca7ab092608fa1245') in 0.088021 seconds 
========================================================================
Received Prepare
Registering precompiled user dll's ...
Registered in 0.005080 seconds.
Begin MonoManager ReloadAssembly
Symbol file data-00000182A67FAD80 doesn't match image C:\Users\ivano_000\Documents\GitHub\Down-through-the-floors\My project\Library\ScriptAssemblies\fps.UI.dll
Symbol file LoadedFromMemory is not a mono symbol file
Symbol file data-00000182A4A33030 doesn't match image C:\Users\ivano_000\Documents\GitHub\Down-through-the-floors\My project\Library\ScriptAssemblies\fps.Editor.dll
Symbol file LoadedFromMemory is not a mono symbol file
Symbol file data-0000018080B167F0 doesn't match image C:\Users\ivano_000\Documents\GitHub\Down-through-the-floors\My project\Library\ScriptAssemblies\fps.Gameplay.dll
Symbol file LoadedFromMemory is not a mono symbol file
Native extension for WindowsStandalone target not found
Refreshing native plugins compatible for Editor in 0.62 ms, found 2 plugins.
Preloading 0 native plugins for Editor in 0.00 ms.
Mono: successfully reloaded assembly
- Completed reload, in  1.047 seconds
Domain Reload Profiling:
	ReloadAssembly (1048ms)
		BeginReloadAssembly (166ms)
			ExecutionOrderSort (0ms)
			DisableScriptedObjects (5ms)
			BackupInstance (0ms)
			ReleaseScriptingObjects (0ms)
			CreateAndSetChildDomain (43ms)
		EndReloadAssembly (816ms)
			LoadAssemblies (138ms)
			RebuildTransferFunctionScriptingTraits (0ms)
			SetupTypeCache (291ms)
			ReleaseScriptCaches (1ms)
			RebuildScriptCaches (41ms)
			SetupLoadedEditorAssemblies (300ms)
				LogAssemblyErrors (0ms)
				InitializePlatformSupportModulesInManaged (4ms)
				SetLoadedEditorAssemblies (0ms)
				RefreshPlugins (1ms)
				BeforeProcessingInitializeOnLoad (86ms)
				ProcessInitializeOnLoadAttributes (189ms)
				ProcessInitializeOnLoadMethodAttributes (9ms)
				AfterProcessingInitializeOnLoad (10ms)
				EditorAssembliesLoaded (0ms)
			ExecutionOrderSort2 (0ms)
			AwakeInstancesAfterBackupRestoration (6ms)
Platform modules already initialized, skipping
Refreshing native plugins compatible for Editor in 0.56 ms, found 2 plugins.
Preloading 0 native plugins for Editor in 0.00 ms.
Unloading 2194 Unused Serialized files (Serialized files now loaded: 0)
System memory in use before: 185.1 MB.
System memory in use after: 183.6 MB.

Unloading 34 unused Assets to reduce memory usage. Loaded Objects now: 2685.
Total: 4.940200 ms (FindLiveObjects: 0.232000 ms CreateObjectMapping: 0.082100 ms MarkObjects: 3.621100 ms  DeleteObjects: 1.004000 ms)

AssetImportParameters requested are different than current active one (requested -> active):
  custom:framework-win-MediaFoundation: 216162199b28c13a410421893ffa2e32 -> 
  custom:video-decoder-ogg-theora: a1e56fd34408186e4bbccfd4996cb3dc -> 
  custom:container-muxer-webm: aa71ff27fc2769a1b78a27578f13a17b -> 
  custom:container-demuxer-webm: 4f35f7cbe854078d1ac9338744f61a02 -> 
  custom:container-demuxer-ogg: 62fdf1f143b41e24485cea50d1cbac27 -> 
  custom:video-encoder-webm-vp8: eb34c28f22e8b96e1ab97ce403110664 -> 
  custom:video-codec-MediaFoundation-h265: 746d11721c4dcdbdad8f713fa42b33f4 -> 
  custom:video-decoder-webm-vp8: 9c59270c3fd7afecdb556c50c9e8de78 -> 
  custom:audio-decoder-ogg-vorbis: bf7c407c2cedff20999df2af8eb42d56 -> 
  custom:audio-encoder-webm-vorbis: bf7c407c2cedff20999df2af8eb42d56 -> 
========================================================================
Received Prepare
Registering precompiled user dll's ...
Registered in 0.005242 seconds.
Begin MonoManager ReloadAssembly
Symbol file data-00000182A6AA9040 doesn't match image C:\Users\ivano_000\Documents\GitHub\Down-through-the-floors\My project\Library\ScriptAssemblies\fps.UI.dll
Symbol file LoadedFromMemory is not a mono symbol file
Symbol file data-00000182A428F010 doesn't match image C:\Users\ivano_000\Documents\GitHub\Down-through-the-floors\My project\Library\ScriptAssemblies\fps.Editor.dll
Symbol file LoadedFromMemory is not a mono symbol file
Symbol file data-0000018080B167F0 doesn't match image C:\Users\ivano_000\Documents\GitHub\Down-through-the-floors\My project\Library\ScriptAssemblies\fps.Gameplay.dll
Symbol file LoadedFromMemory is not a mono symbol file
Native extension for WindowsStandalone target not found
Refreshing native plugins compatible for Editor in 1.13 ms, found 2 plugins.
Preloading 0 native plugins for Editor in 0.00 ms.
Mono: successfully reloaded assembly
- Completed reload, in  1.530 seconds
Domain Reload Profiling:
	ReloadAssembly (1530ms)
		BeginReloadAssembly (165ms)
			ExecutionOrderSort (0ms)
			DisableScriptedObjects (6ms)
			BackupInstance (0ms)
			ReleaseScriptingObjects (0ms)
			CreateAndSetChildDomain (48ms)
		EndReloadAssembly (1278ms)
			LoadAssemblies (136ms)
			RebuildTransferFunctionScriptingTraits (0ms)
			SetupTypeCache (369ms)
			ReleaseScriptCaches (1ms)
			RebuildScriptCaches (64ms)
			SetupLoadedEditorAssemblies (545ms)
				LogAssemblyErrors (0ms)
				InitializePlatformSupportModulesInManaged (10ms)
				SetLoadedEditorAssemblies (1ms)
				RefreshPlugins (1ms)
				BeforeProcessingInitializeOnLoad (126ms)
				ProcessInitializeOnLoadAttributes (382ms)
				ProcessInitializeOnLoadMethodAttributes (12ms)
				AfterProcessingInitializeOnLoad (12ms)
				EditorAssembliesLoaded (0ms)
			ExecutionOrderSort2 (0ms)
			AwakeInstancesAfterBackupRestoration (8ms)
Platform modules already initialized, skipping
Refreshing native plugins compatible for Editor in 0.69 ms, found 2 plugins.
Preloading 0 native plugins for Editor in 0.00 ms.
Unloading 2194 Unused Serialized files (Serialized files now loaded: 0)
System memory in use before: 185.2 MB.
System memory in use after: 183.7 MB.

Unloading 34 unused Assets to reduce memory usage. Loaded Objects now: 2688.
Total: 4.877700 ms (FindLiveObjects: 0.254900 ms CreateObjectMapping: 0.177800 ms MarkObjects: 3.071700 ms  DeleteObjects: 1.372200 ms)

AssetImportParameters requested are different than current active one (requested -> active):
  custom:framework-win-MediaFoundation: 216162199b28c13a410421893ffa2e32 -> 
  custom:video-decoder-ogg-theora: a1e56fd34408186e4bbccfd4996cb3dc -> 
  custom:container-muxer-webm: aa71ff27fc2769a1b78a27578f13a17b -> 
  custom:container-demuxer-webm: 4f35f7cbe854078d1ac9338744f61a02 -> 
  custom:container-demuxer-ogg: 62fdf1f143b41e24485cea50d1cbac27 -> 
  custom:video-encoder-webm-vp8: eb34c28f22e8b96e1ab97ce403110664 -> 
  custom:video-codec-MediaFoundation-h265: 746d11721c4dcdbdad8f713fa42b33f4 -> 
  custom:video-decoder-webm-vp8: 9c59270c3fd7afecdb556c50c9e8de78 -> 
  custom:audio-decoder-ogg-vorbis: bf7c407c2cedff20999df2af8eb42d56 -> 
  custom:audio-encoder-webm-vorbis: bf7c407c2cedff20999df2af8eb42d56 -> 
========================================================================
Received Import Request.
  Time since last request: 368.326722 seconds.
  path: Assets/Main Project/Models/boss.fbx
  artifactKey: Guid(1d62f5797256ff94ca06771151530ee6) Importer(815301076,1909f56bfc062723c751e8b465ee728b)
Start importing Assets/Main Project/Models/boss.fbx using Guid(1d62f5797256ff94ca06771151530ee6) Importer(815301076,1909f56bfc062723c751e8b465ee728b)  -> (artifact id: 'bee15c4ab434d6ce4a043d0498ec09c4') in 0.285622 seconds 
========================================================================
Received Import Request.
  Time since last request: 90.478363 seconds.
  path: Assets/Main Project/Danila/Prefabs/Enemies/Senior manager.prefab
  artifactKey: Guid(d6d19599de18f53439951a3fa29a49e0) Importer(815301076,1909f56bfc062723c751e8b465ee728b)
Start importing Assets/Main Project/Danila/Prefabs/Enemies/Senior manager.prefab using Guid(d6d19599de18f53439951a3fa29a49e0) Importer(815301076,1909f56bfc062723c751e8b465ee728b)  -> (artifact id: '2635633154b14146538f76a4dbd7bfd4') in 0.051460 seconds 
========================================================================
Received Prepare
Registering precompiled user dll's ...
Registered in 0.003705 seconds.
Begin MonoManager ReloadAssembly
Symbol file data-00000182A1706030 doesn't match image C:\Users\ivano_000\Documents\GitHub\Down-through-the-floors\My project\Library\ScriptAssemblies\fps.UI.dll
Symbol file LoadedFromMemory is not a mono symbol file
Symbol file data-00000182A4BC4020 doesn't match image C:\Users\ivano_000\Documents\GitHub\Down-through-the-floors\My project\Library\ScriptAssemblies\fps.Editor.dll
Symbol file LoadedFromMemory is not a mono symbol file
Symbol file data-00000180808A68D0 doesn't match image C:\Users\ivano_000\Documents\GitHub\Down-through-the-floors\My project\Library\ScriptAssemblies\fps.Gameplay.dll
Symbol file LoadedFromMemory is not a mono symbol file
Native extension for WindowsStandalone target not found
Refreshing native plugins compatible for Editor in 0.59 ms, found 2 plugins.
Preloading 0 native plugins for Editor in 0.00 ms.
Mono: successfully reloaded assembly
- Completed reload, in  0.979 seconds
Domain Reload Profiling:
	ReloadAssembly (980ms)
		BeginReloadAssembly (128ms)
			ExecutionOrderSort (0ms)
			DisableScriptedObjects (4ms)
			BackupInstance (0ms)
			ReleaseScriptingObjects (0ms)
			CreateAndSetChildDomain (35ms)
		EndReloadAssembly (777ms)
			LoadAssemblies (104ms)
			RebuildTransferFunctionScriptingTraits (0ms)
			SetupTypeCache (272ms)
			ReleaseScriptCaches (1ms)
			RebuildScriptCaches (39ms)
			SetupLoadedEditorAssemblies (290ms)
				LogAssemblyErrors (0ms)
				InitializePlatformSupportModulesInManaged (5ms)
				SetLoadedEditorAssemblies (0ms)
				RefreshPlugins (1ms)
				BeforeProcessingInitializeOnLoad (85ms)
				ProcessInitializeOnLoadAttributes (179ms)
				ProcessInitializeOnLoadMethodAttributes (12ms)
				AfterProcessingInitializeOnLoad (9ms)
				EditorAssembliesLoaded (0ms)
			ExecutionOrderSort2 (0ms)
			AwakeInstancesAfterBackupRestoration (6ms)
Platform modules already initialized, skipping
Refreshing native plugins compatible for Editor in 0.59 ms, found 2 plugins.
Preloading 0 native plugins for Editor in 0.00 ms.
Unloading 2194 Unused Serialized files (Serialized files now loaded: 0)
System memory in use before: 185.3 MB.
System memory in use after: 183.8 MB.

Unloading 34 unused Assets to reduce memory usage. Loaded Objects now: 2692.
Total: 3.974600 ms (FindLiveObjects: 0.226900 ms CreateObjectMapping: 0.080400 ms MarkObjects: 2.638400 ms  DeleteObjects: 1.027800 ms)

AssetImportParameters requested are different than current active one (requested -> active):
  custom:framework-win-MediaFoundation: 216162199b28c13a410421893ffa2e32 -> 
  custom:video-decoder-ogg-theora: a1e56fd34408186e4bbccfd4996cb3dc -> 
  custom:container-muxer-webm: aa71ff27fc2769a1b78a27578f13a17b -> 
  custom:container-demuxer-webm: 4f35f7cbe854078d1ac9338744f61a02 -> 
  custom:container-demuxer-ogg: 62fdf1f143b41e24485cea50d1cbac27 -> 
  custom:video-encoder-webm-vp8: eb34c28f22e8b96e1ab97ce403110664 -> 
  custom:video-codec-MediaFoundation-h265: 746d11721c4dcdbdad8f713fa42b33f4 -> 
  custom:video-decoder-webm-vp8: 9c59270c3fd7afecdb556c50c9e8de78 -> 
  custom:audio-decoder-ogg-vorbis: bf7c407c2cedff20999df2af8eb42d56 -> 
  custom:audio-encoder-webm-vorbis: bf7c407c2cedff20999df2af8eb42d56 -> 
========================================================================
Received Prepare
Registering precompiled user dll's ...
Registered in 0.003993 seconds.
Begin MonoManager ReloadAssembly
Symbol file data-00000182A1706030 doesn't match image C:\Users\ivano_000\Documents\GitHub\Down-through-the-floors\My project\Library\ScriptAssemblies\fps.UI.dll
Symbol file LoadedFromMemory is not a mono symbol file
Symbol file data-00000182EB2B3030 doesn't match image C:\Users\ivano_000\Documents\GitHub\Down-through-the-floors\My project\Library\ScriptAssemblies\fps.Editor.dll
Symbol file LoadedFromMemory is not a mono symbol file
Symbol file data-00000180808A68D0 doesn't match image C:\Users\ivano_000\Documents\GitHub\Down-through-the-floors\My project\Library\ScriptAssemblies\fps.Gameplay.dll
Symbol file LoadedFromMemory is not a mono symbol file
Native extension for WindowsStandalone target not found
Refreshing native plugins compatible for Editor in 0.57 ms, found 2 plugins.
Preloading 0 native plugins for Editor in 0.00 ms.
Mono: successfully reloaded assembly
- Completed reload, in  0.993 seconds
Domain Reload Profiling:
	ReloadAssembly (994ms)
		BeginReloadAssembly (114ms)
			ExecutionOrderSort (0ms)
			DisableScriptedObjects (4ms)
			BackupInstance (0ms)
			ReleaseScriptingObjects (0ms)
			CreateAndSetChildDomain (27ms)
		EndReloadAssembly (820ms)
			LoadAssemblies (100ms)
			RebuildTransferFunctionScriptingTraits (0ms)
			SetupTypeCache (271ms)
			ReleaseScriptCaches (1ms)
			RebuildScriptCaches (43ms)
			SetupLoadedEditorAssemblies (316ms)
				LogAssemblyErrors (0ms)
				InitializePlatformSupportModulesInManaged (4ms)
				SetLoadedEditorAssemblies (0ms)
				RefreshPlugins (1ms)
				BeforeProcessingInitializeOnLoad (95ms)
				ProcessInitializeOnLoadAttributes (194ms)
				ProcessInitializeOnLoadMethodAttributes (11ms)
				AfterProcessingInitializeOnLoad (10ms)
				EditorAssembliesLoaded (0ms)
			ExecutionOrderSort2 (0ms)
			AwakeInstancesAfterBackupRestoration (6ms)
Platform modules already initialized, skipping
Refreshing native plugins compatible for Editor in 0.56 ms, found 2 plugins.
Preloading 0 native plugins for Editor in 0.00 ms.
Unloading 2194 Unused Serialized files (Serialized files now loaded: 0)
System memory in use before: 185.2 MB.
System memory in use after: 183.7 MB.

Unloading 34 unused Assets to reduce memory usage. Loaded Objects now: 2695.
Total: 3.592500 ms (FindLiveObjects: 0.171100 ms CreateObjectMapping: 0.079300 ms MarkObjects: 2.286600 ms  DeleteObjects: 1.054400 ms)

AssetImportParameters requested are different than current active one (requested -> active):
  custom:framework-win-MediaFoundation: 216162199b28c13a410421893ffa2e32 -> 
  custom:video-decoder-ogg-theora: a1e56fd34408186e4bbccfd4996cb3dc -> 
  custom:container-muxer-webm: aa71ff27fc2769a1b78a27578f13a17b -> 
  custom:container-demuxer-webm: 4f35f7cbe854078d1ac9338744f61a02 -> 
  custom:container-demuxer-ogg: 62fdf1f143b41e24485cea50d1cbac27 -> 
  custom:video-encoder-webm-vp8: eb34c28f22e8b96e1ab97ce403110664 -> 
  custom:video-codec-MediaFoundation-h265: 746d11721c4dcdbdad8f713fa42b33f4 -> 
  custom:video-decoder-webm-vp8: 9c59270c3fd7afecdb556c50c9e8de78 -> 
  custom:audio-decoder-ogg-vorbis: bf7c407c2cedff20999df2af8eb42d56 -> 
  custom:audio-encoder-webm-vorbis: bf7c407c2cedff20999df2af8eb42d56 -> 
========================================================================
Received Prepare
Registering precompiled user dll's ...
Registered in 0.003543 seconds.
Begin MonoManager ReloadAssembly
Symbol file data-00000182A1706030 doesn't match image C:\Users\ivano_000\Documents\GitHub\Down-through-the-floors\My project\Library\ScriptAssemblies\fps.UI.dll
Symbol file LoadedFromMemory is not a mono symbol file
Symbol file data-00000182A564CCD0 doesn't match image C:\Users\ivano_000\Documents\GitHub\Down-through-the-floors\My project\Library\ScriptAssemblies\fps.Editor.dll
Symbol file LoadedFromMemory is not a mono symbol file
Symbol file data-00000180808A68D0 doesn't match image C:\Users\ivano_000\Documents\GitHub\Down-through-the-floors\My project\Library\ScriptAssemblies\fps.Gameplay.dll
Symbol file LoadedFromMemory is not a mono symbol file
Native extension for WindowsStandalone target not found
Refreshing native plugins compatible for Editor in 0.57 ms, found 2 plugins.
Preloading 0 native plugins for Editor in 0.00 ms.
Mono: successfully reloaded assembly
- Completed reload, in  0.944 seconds
Domain Reload Profiling:
	ReloadAssembly (945ms)
		BeginReloadAssembly (117ms)
			ExecutionOrderSort (0ms)
			DisableScriptedObjects (4ms)
			BackupInstance (0ms)
			ReleaseScriptingObjects (0ms)
			CreateAndSetChildDomain (29ms)
		EndReloadAssembly (761ms)
			LoadAssemblies (98ms)
			RebuildTransferFunctionScriptingTraits (0ms)
			SetupTypeCache (253ms)
			ReleaseScriptCaches (1ms)
			RebuildScriptCaches (42ms)
			SetupLoadedEditorAssemblies (291ms)
				LogAssemblyErrors (0ms)
				InitializePlatformSupportModulesInManaged (4ms)
				SetLoadedEditorAssemblies (0ms)
				RefreshPlugins (1ms)
				BeforeProcessingInitializeOnLoad (89ms)
				ProcessInitializeOnLoadAttributes (179ms)
				ProcessInitializeOnLoadMethodAttributes (8ms)
				AfterProcessingInitializeOnLoad (8ms)
				EditorAssembliesLoaded (0ms)
			ExecutionOrderSort2 (0ms)
			AwakeInstancesAfterBackupRestoration (6ms)
Platform modules already initialized, skipping
Refreshing native plugins compatible for Editor in 0.61 ms, found 2 plugins.
Preloading 0 native plugins for Editor in 0.00 ms.
Unloading 2194 Unused Serialized files (Serialized files now loaded: 0)
System memory in use before: 185.4 MB.
System memory in use after: 183.9 MB.

Unloading 34 unused Assets to reduce memory usage. Loaded Objects now: 2698.
Total: 4.072600 ms (FindLiveObjects: 0.222200 ms CreateObjectMapping: 0.152300 ms MarkObjects: 2.632900 ms  DeleteObjects: 1.064100 ms)

AssetImportParameters requested are different than current active one (requested -> active):
  custom:framework-win-MediaFoundation: 216162199b28c13a410421893ffa2e32 -> 
  custom:video-decoder-ogg-theora: a1e56fd34408186e4bbccfd4996cb3dc -> 
  custom:container-muxer-webm: aa71ff27fc2769a1b78a27578f13a17b -> 
  custom:container-demuxer-webm: 4f35f7cbe854078d1ac9338744f61a02 -> 
  custom:container-demuxer-ogg: 62fdf1f143b41e24485cea50d1cbac27 -> 
  custom:video-encoder-webm-vp8: eb34c28f22e8b96e1ab97ce403110664 -> 
  custom:video-codec-MediaFoundation-h265: 746d11721c4dcdbdad8f713fa42b33f4 -> 
  custom:video-decoder-webm-vp8: 9c59270c3fd7afecdb556c50c9e8de78 -> 
  custom:audio-decoder-ogg-vorbis: bf7c407c2cedff20999df2af8eb42d56 -> 
  custom:audio-encoder-webm-vorbis: bf7c407c2cedff20999df2af8eb42d56 -> 
========================================================================
Received Import Request.
  Time since last request: 387.219372 seconds.
  path: Assets/Main Project/Models/Zombie_Idle.fbx
  artifactKey: Guid(d71e7cc05f2a8794896193eeb67888ff) Importer(815301076,1909f56bfc062723c751e8b465ee728b)
Start importing Assets/Main Project/Models/Zombie_Idle.fbx using Guid(d71e7cc05f2a8794896193eeb67888ff) Importer(815301076,1909f56bfc062723c751e8b465ee728b)  -> (artifact id: '42f406e0c22cc465d4f10cfc80a54251') in 0.311073 seconds 
========================================================================
Received Import Request.
  Time since last request: 12.378452 seconds.
  path: Assets/Main Project/Danila/Prefabs/Enemies/Senior manager.prefab
  artifactKey: Guid(d6d19599de18f53439951a3fa29a49e0) Importer(815301076,1909f56bfc062723c751e8b465ee728b)
Start importing Assets/Main Project/Danila/Prefabs/Enemies/Senior manager.prefab using Guid(d6d19599de18f53439951a3fa29a49e0) Importer(815301076,1909f56bfc062723c751e8b465ee728b)  -> (artifact id: '4a5cbbb0b19122d071327c1f7822fa9e') in 0.029386 seconds 
========================================================================
Received Prepare
Registering precompiled user dll's ...
Registered in 0.005252 seconds.
Begin MonoManager ReloadAssembly
Symbol file data-00000182A1706030 doesn't match image C:\Users\ivano_000\Documents\GitHub\Down-through-the-floors\My project\Library\ScriptAssemblies\fps.UI.dll
Symbol file LoadedFromMemory is not a mono symbol file
Symbol file data-00000180804F0D00 doesn't match image C:\Users\ivano_000\Documents\GitHub\Down-through-the-floors\My project\Library\ScriptAssemblies\fps.Editor.dll
Symbol file LoadedFromMemory is not a mono symbol file
Symbol file data-00000180808AB4D0 doesn't match image C:\Users\ivano_000\Documents\GitHub\Down-through-the-floors\My project\Library\ScriptAssemblies\fps.Gameplay.dll
Symbol file LoadedFromMemory is not a mono symbol file
Native extension for WindowsStandalone target not found
Refreshing native plugins compatible for Editor in 0.81 ms, found 2 plugins.
Preloading 0 native plugins for Editor in 0.00 ms.
Mono: successfully reloaded assembly
- Completed reload, in  1.274 seconds
Domain Reload Profiling:
	ReloadAssembly (1275ms)
		BeginReloadAssembly (156ms)
			ExecutionOrderSort (0ms)
			DisableScriptedObjects (5ms)
			BackupInstance (0ms)
			ReleaseScriptingObjects (0ms)
			CreateAndSetChildDomain (41ms)
		EndReloadAssembly (1035ms)
			LoadAssemblies (136ms)
			RebuildTransferFunctionScriptingTraits (0ms)
			SetupTypeCache (357ms)
			ReleaseScriptCaches (1ms)
			RebuildScriptCaches (55ms)
			SetupLoadedEditorAssemblies (380ms)
				LogAssemblyErrors (0ms)
				InitializePlatformSupportModulesInManaged (5ms)
				SetLoadedEditorAssemblies (1ms)
				RefreshPlugins (1ms)
				BeforeProcessingInitializeOnLoad (112ms)
				ProcessInitializeOnLoadAttributes (238ms)
				ProcessInitializeOnLoadMethodAttributes (12ms)
				AfterProcessingInitializeOnLoad (11ms)
				EditorAssembliesLoaded (0ms)
			ExecutionOrderSort2 (0ms)
			AwakeInstancesAfterBackupRestoration (9ms)
Platform modules already initialized, skipping
Refreshing native plugins compatible for Editor in 0.63 ms, found 2 plugins.
Preloading 0 native plugins for Editor in 0.00 ms.
Unloading 2194 Unused Serialized files (Serialized files now loaded: 0)
System memory in use before: 185.9 MB.
System memory in use after: 184.6 MB.

Unloading 34 unused Assets to reduce memory usage. Loaded Objects now: 2702.
Total: 4.484800 ms (FindLiveObjects: 0.193300 ms CreateObjectMapping: 0.093500 ms MarkObjects: 3.108700 ms  DeleteObjects: 1.088200 ms)

AssetImportParameters requested are different than current active one (requested -> active):
  custom:framework-win-MediaFoundation: 216162199b28c13a410421893ffa2e32 -> 
  custom:video-decoder-ogg-theora: a1e56fd34408186e4bbccfd4996cb3dc -> 
  custom:container-muxer-webm: aa71ff27fc2769a1b78a27578f13a17b -> 
  custom:container-demuxer-webm: 4f35f7cbe854078d1ac9338744f61a02 -> 
  custom:container-demuxer-ogg: 62fdf1f143b41e24485cea50d1cbac27 -> 
  custom:video-encoder-webm-vp8: eb34c28f22e8b96e1ab97ce403110664 -> 
  custom:video-codec-MediaFoundation-h265: 746d11721c4dcdbdad8f713fa42b33f4 -> 
  custom:video-decoder-webm-vp8: 9c59270c3fd7afecdb556c50c9e8de78 -> 
  custom:audio-decoder-ogg-vorbis: bf7c407c2cedff20999df2af8eb42d56 -> 
  custom:audio-encoder-webm-vorbis: bf7c407c2cedff20999df2af8eb42d56 -> 
========================================================================
Received Prepare
Registering precompiled user dll's ...
Registered in 0.004751 seconds.
Begin MonoManager ReloadAssembly
Symbol file data-00000182A1706030 doesn't match image C:\Users\ivano_000\Documents\GitHub\Down-through-the-floors\My project\Library\ScriptAssemblies\fps.UI.dll
Symbol file LoadedFromMemory is not a mono symbol file
Symbol file data-00000182A1317F60 doesn't match image C:\Users\ivano_000\Documents\GitHub\Down-through-the-floors\My project\Library\ScriptAssemblies\fps.Editor.dll
Symbol file LoadedFromMemory is not a mono symbol file
Symbol file data-00000180808AB4D0 doesn't match image C:\Users\ivano_000\Documents\GitHub\Down-through-the-floors\My project\Library\ScriptAssemblies\fps.Gameplay.dll
Symbol file LoadedFromMemory is not a mono symbol file
Native extension for WindowsStandalone target not found
Refreshing native plugins compatible for Editor in 0.91 ms, found 2 plugins.
Preloading 0 native plugins for Editor in 0.00 ms.
Mono: successfully reloaded assembly
- Completed reload, in  1.245 seconds
Domain Reload Profiling:
	ReloadAssembly (1246ms)
		BeginReloadAssembly (154ms)
			ExecutionOrderSort (0ms)
			DisableScriptedObjects (5ms)
			BackupInstance (0ms)
			ReleaseScriptingObjects (0ms)
			CreateAndSetChildDomain (40ms)
		EndReloadAssembly (1008ms)
			LoadAssemblies (131ms)
			RebuildTransferFunctionScriptingTraits (0ms)
			SetupTypeCache (364ms)
			ReleaseScriptCaches (1ms)
			RebuildScriptCaches (54ms)
			SetupLoadedEditorAssemblies (365ms)
				LogAssemblyErrors (0ms)
				InitializePlatformSupportModulesInManaged (6ms)
				SetLoadedEditorAssemblies (1ms)
				RefreshPlugins (1ms)
				BeforeProcessingInitializeOnLoad (106ms)
				ProcessInitializeOnLoadAttributes (231ms)
				ProcessInitializeOnLoadMethodAttributes (10ms)
				AfterProcessingInitializeOnLoad (10ms)
				EditorAssembliesLoaded (0ms)
			ExecutionOrderSort2 (0ms)
			AwakeInstancesAfterBackupRestoration (7ms)
Platform modules already initialized, skipping
Refreshing native plugins compatible for Editor in 0.60 ms, found 2 plugins.
Preloading 0 native plugins for Editor in 0.00 ms.
Unloading 2194 Unused Serialized files (Serialized files now loaded: 0)
System memory in use before: 185.9 MB.
System memory in use after: 184.6 MB.

Unloading 34 unused Assets to reduce memory usage. Loaded Objects now: 2705.
Total: 5.793800 ms (FindLiveObjects: 0.257900 ms CreateObjectMapping: 0.210800 ms MarkObjects: 3.686300 ms  DeleteObjects: 1.637400 ms)

AssetImportParameters requested are different than current active one (requested -> active):
  custom:framework-win-MediaFoundation: 216162199b28c13a410421893ffa2e32 -> 
  custom:video-decoder-ogg-theora: a1e56fd34408186e4bbccfd4996cb3dc -> 
  custom:container-muxer-webm: aa71ff27fc2769a1b78a27578f13a17b -> 
  custom:container-demuxer-webm: 4f35f7cbe854078d1ac9338744f61a02 -> 
  custom:container-demuxer-ogg: 62fdf1f143b41e24485cea50d1cbac27 -> 
  custom:video-encoder-webm-vp8: eb34c28f22e8b96e1ab97ce403110664 -> 
  custom:video-codec-MediaFoundation-h265: 746d11721c4dcdbdad8f713fa42b33f4 -> 
  custom:video-decoder-webm-vp8: 9c59270c3fd7afecdb556c50c9e8de78 -> 
  custom:audio-decoder-ogg-vorbis: bf7c407c2cedff20999df2af8eb42d56 -> 
  custom:audio-encoder-webm-vorbis: bf7c407c2cedff20999df2af8eb42d56 -> 
========================================================================
Received Import Request.
  Time since last request: 238.450426 seconds.
  path: Assets/Main Project/Models/Zombie_Idle.fbx
  artifactKey: Guid(d71e7cc05f2a8794896193eeb67888ff) Importer(815301076,1909f56bfc062723c751e8b465ee728b)
Start importing Assets/Main Project/Models/Zombie_Idle.fbx using Guid(d71e7cc05f2a8794896193eeb67888ff) Importer(815301076,1909f56bfc062723c751e8b465ee728b)  -> (artifact id: '2de21d43cf428a9029092fff81ecc38b') in 0.324364 seconds 
========================================================================
Received Import Request.
  Time since last request: 8.961028 seconds.
  path: Assets/Main Project/Danila/Prefabs/Enemies/Senior manager.prefab
  artifactKey: Guid(d6d19599de18f53439951a3fa29a49e0) Importer(815301076,1909f56bfc062723c751e8b465ee728b)
Start importing Assets/Main Project/Danila/Prefabs/Enemies/Senior manager.prefab using Guid(d6d19599de18f53439951a3fa29a49e0) Importer(815301076,1909f56bfc062723c751e8b465ee728b)  -> (artifact id: '196195c752eae11fa9b6222a3bf23cd6') in 0.068021 seconds 
========================================================================
Received Prepare
Registering precompiled user dll's ...
Registered in 0.003758 seconds.
Begin MonoManager ReloadAssembly
Symbol file data-00000182A43F6020 doesn't match image C:\Users\ivano_000\Documents\GitHub\Down-through-the-floors\My project\Library\ScriptAssemblies\fps.UI.dll
Symbol file LoadedFromMemory is not a mono symbol file
Symbol file data-00000182A4C9CEB0 doesn't match image C:\Users\ivano_000\Documents\GitHub\Down-through-the-floors\My project\Library\ScriptAssemblies\fps.Editor.dll
Symbol file LoadedFromMemory is not a mono symbol file
Symbol file data-00000182A4B39010 doesn't match image C:\Users\ivano_000\Documents\GitHub\Down-through-the-floors\My project\Library\ScriptAssemblies\fps.Gameplay.dll
Symbol file LoadedFromMemory is not a mono symbol file
Native extension for WindowsStandalone target not found
Refreshing native plugins compatible for Editor in 0.63 ms, found 2 plugins.
Preloading 0 native plugins for Editor in 0.00 ms.
Mono: successfully reloaded assembly
- Completed reload, in  1.008 seconds
Domain Reload Profiling:
	ReloadAssembly (1008ms)
		BeginReloadAssembly (118ms)
			ExecutionOrderSort (0ms)
			DisableScriptedObjects (4ms)
			BackupInstance (0ms)
			ReleaseScriptingObjects (0ms)
			CreateAndSetChildDomain (31ms)
		EndReloadAssembly (822ms)
			LoadAssemblies (99ms)
			RebuildTransferFunctionScriptingTraits (0ms)
			SetupTypeCache (295ms)
			ReleaseScriptCaches (1ms)
			RebuildScriptCaches (41ms)
			SetupLoadedEditorAssemblies (282ms)
				LogAssemblyErrors (0ms)
				InitializePlatformSupportModulesInManaged (5ms)
				SetLoadedEditorAssemblies (0ms)
				RefreshPlugins (1ms)
				BeforeProcessingInitializeOnLoad (83ms)
				ProcessInitializeOnLoadAttributes (176ms)
				ProcessInitializeOnLoadMethodAttributes (9ms)
				AfterProcessingInitializeOnLoad (8ms)
				EditorAssembliesLoaded (0ms)
			ExecutionOrderSort2 (0ms)
			AwakeInstancesAfterBackupRestoration (6ms)
Platform modules already initialized, skipping
Refreshing native plugins compatible for Editor in 0.57 ms, found 2 plugins.
Preloading 0 native plugins for Editor in 0.00 ms.
Unloading 2194 Unused Serialized files (Serialized files now loaded: 0)
System memory in use before: 186.0 MB.
System memory in use after: 184.6 MB.

Unloading 34 unused Assets to reduce memory usage. Loaded Objects now: 2709.
Total: 3.739100 ms (FindLiveObjects: 0.177100 ms CreateObjectMapping: 0.106800 ms MarkObjects: 2.394900 ms  DeleteObjects: 1.059400 ms)

AssetImportParameters requested are different than current active one (requested -> active):
  custom:framework-win-MediaFoundation: 216162199b28c13a410421893ffa2e32 -> 
  custom:video-decoder-ogg-theora: a1e56fd34408186e4bbccfd4996cb3dc -> 
  custom:container-muxer-webm: aa71ff27fc2769a1b78a27578f13a17b -> 
  custom:container-demuxer-webm: 4f35f7cbe854078d1ac9338744f61a02 -> 
  custom:container-demuxer-ogg: 62fdf1f143b41e24485cea50d1cbac27 -> 
  custom:video-encoder-webm-vp8: eb34c28f22e8b96e1ab97ce403110664 -> 
  custom:video-codec-MediaFoundation-h265: 746d11721c4dcdbdad8f713fa42b33f4 -> 
  custom:video-decoder-webm-vp8: 9c59270c3fd7afecdb556c50c9e8de78 -> 
  custom:audio-decoder-ogg-vorbis: bf7c407c2cedff20999df2af8eb42d56 -> 
  custom:audio-encoder-webm-vorbis: bf7c407c2cedff20999df2af8eb42d56 -> 
========================================================================
Received Import Request.
  Time since last request: 16.821328 seconds.
  path: Assets/Main Project/Danila/Prefabs/Enemies/Senior manager.prefab
  artifactKey: Guid(d6d19599de18f53439951a3fa29a49e0) Importer(815301076,1909f56bfc062723c751e8b465ee728b)
Start importing Assets/Main Project/Danila/Prefabs/Enemies/Senior manager.prefab using Guid(d6d19599de18f53439951a3fa29a49e0) Importer(815301076,1909f56bfc062723c751e8b465ee728b)  -> (artifact id: '5c413e59fd13343bf85a9b5d32e24087') in 0.090557 seconds 
========================================================================
Received Prepare
Registering precompiled user dll's ...
Registered in 0.003715 seconds.
Begin MonoManager ReloadAssembly
Symbol file data-00000182A1163A40 doesn't match image C:\Users\ivano_000\Documents\GitHub\Down-through-the-floors\My project\Library\ScriptAssemblies\fps.UI.dll
Symbol file LoadedFromMemory is not a mono symbol file
Symbol file data-00000180804EAFA0 doesn't match image C:\Users\ivano_000\Documents\GitHub\Down-through-the-floors\My project\Library\ScriptAssemblies\fps.Editor.dll
Symbol file LoadedFromMemory is not a mono symbol file
Symbol file data-00000182A4B39010 doesn't match image C:\Users\ivano_000\Documents\GitHub\Down-through-the-floors\My project\Library\ScriptAssemblies\fps.Gameplay.dll
Symbol file LoadedFromMemory is not a mono symbol file
Native extension for WindowsStandalone target not found
Refreshing native plugins compatible for Editor in 0.69 ms, found 2 plugins.
Preloading 0 native plugins for Editor in 0.00 ms.
Mono: successfully reloaded assembly
- Completed reload, in  1.096 seconds
Domain Reload Profiling:
	ReloadAssembly (1096ms)
		BeginReloadAssembly (130ms)
			ExecutionOrderSort (0ms)
			DisableScriptedObjects (5ms)
			BackupInstance (0ms)
			ReleaseScriptingObjects (0ms)
			CreateAndSetChildDomain (33ms)
		EndReloadAssembly (897ms)
			LoadAssemblies (110ms)
			RebuildTransferFunctionScriptingTraits (0ms)
			SetupTypeCache (321ms)
			ReleaseScriptCaches (2ms)
			RebuildScriptCaches (48ms)
			SetupLoadedEditorAssemblies (321ms)
				LogAssemblyErrors (0ms)
				InitializePlatformSupportModulesInManaged (5ms)
				SetLoadedEditorAssemblies (1ms)
				RefreshPlugins (1ms)
				BeforeProcessingInitializeOnLoad (94ms)
				ProcessInitializeOnLoadAttributes (201ms)
				ProcessInitializeOnLoadMethodAttributes (9ms)
				AfterProcessingInitializeOnLoad (11ms)
				EditorAssembliesLoaded (0ms)
			ExecutionOrderSort2 (0ms)
			AwakeInstancesAfterBackupRestoration (9ms)
Platform modules already initialized, skipping
Refreshing native plugins compatible for Editor in 0.64 ms, found 2 plugins.
Preloading 0 native plugins for Editor in 0.00 ms.
Unloading 2194 Unused Serialized files (Serialized files now loaded: 0)
System memory in use before: 185.9 MB.
System memory in use after: 184.5 MB.

Unloading 34 unused Assets to reduce memory usage. Loaded Objects now: 2713.
Total: 4.363300 ms (FindLiveObjects: 0.235700 ms CreateObjectMapping: 0.180100 ms MarkObjects: 2.750800 ms  DeleteObjects: 1.195700 ms)

AssetImportParameters requested are different than current active one (requested -> active):
  custom:framework-win-MediaFoundation: 216162199b28c13a410421893ffa2e32 -> 
  custom:video-decoder-ogg-theora: a1e56fd34408186e4bbccfd4996cb3dc -> 
  custom:container-muxer-webm: aa71ff27fc2769a1b78a27578f13a17b -> 
  custom:container-demuxer-webm: 4f35f7cbe854078d1ac9338744f61a02 -> 
  custom:container-demuxer-ogg: 62fdf1f143b41e24485cea50d1cbac27 -> 
  custom:video-encoder-webm-vp8: eb34c28f22e8b96e1ab97ce403110664 -> 
  custom:video-codec-MediaFoundation-h265: 746d11721c4dcdbdad8f713fa42b33f4 -> 
  custom:video-decoder-webm-vp8: 9c59270c3fd7afecdb556c50c9e8de78 -> 
  custom:audio-decoder-ogg-vorbis: bf7c407c2cedff20999df2af8eb42d56 -> 
  custom:audio-encoder-webm-vorbis: bf7c407c2cedff20999df2af8eb42d56 -> 
AssetImportWorkerClient::OnTransportError - code=2 error=End of file
